# JRE version: Java(TM) SE Runtime Environment (23.0.2+7) (build 23.0.2+7-58)
# Java VM: Java HotSpot(TM) 64-Bit Server VM (23.0.2+7-58, mixed mode, sharing, tiered, compressed oops, compressed class ptrs, g1 gc, windows-amd64)
GC Precious Log:
 CardTable entry size: 512
 Card Set container configuration: InlinePtr #cards 5 size 8 Array Of Cards #cards 10 size 36 Howl #buckets 4 coarsen threshold 1843 Howl Bitmap #cards 512 size 80 coarsen threshold 460 Card regions per heap region 1 cards per card region 2048
 CPUs: 4 total, 4 available
 Memory: 3801M
 Large Page Support: Disabled
 NUMA Support: Disabled
 Compressed Oops: Enabled (32-bit)
 Heap Region Size: 1M
 Heap Min Capacity: 8M
 Heap Initial Capacity: 60M
 Heap Max Capacity: 952M
 Pre-touch: Disabled
 Parallel Workers: 4
 Concurrent Workers: 1
 Concurrent Refinement Workers: 4
 Periodic GC: Disabled
Heap:
 garbage-first heap   total reserved 974848K, committed 61440K, used 24455K [0x00000000c4800000, 0x0000000100000000)
  region size 1024K, 1 young (1024K), 1 survivors (1024K)
 Metaspace       used 7478K, committed 7680K, reserved 1114112K
  class space    used 771K, committed 896K, reserved 1048576K
GC Heap History (17 events):
Event: 1.412 GC heap before
{Heap before GC invocations=0 (full 0):
 garbage-first heap   total reserved 974848K, committed 61440K, used 24576K [0x00000000c4800000, 0x0000000100000000)
  region size 1024K, 14 young (14336K), 0 survivors (0K)
 Metaspace       used 5193K, committed 5440K, reserved 1114112K
  class space    used 535K, committed 640K, reserved 1048576K
}
Event: 1.420 GC heap after
{Heap after GC invocations=1 (full 0):
 garbage-first heap   total reserved 974848K, committed 61440K, used 13832K [0x00000000c4800000, 0x0000000100000000)
  region size 1024K, 2 young (2048K), 2 survivors (2048K)
 Metaspace       used 5193K, committed 5440K, reserved 1114112K
  class space    used 535K, committed 640K, reserved 1048576K
}
Event: 3.517 GC heap before
{Heap before GC invocations=1 (full 0):
 garbage-first heap   total reserved 974848K, committed 61440K, used 32264K [0x00000000c4800000, 0x0000000100000000)
  region size 1024K, 15 young (15360K), 2 survivors (2048K)
 Metaspace       used 7292K, committed 7488K, reserved 1114112K
  class space    used 768K, committed 896K, reserved 1048576K
}
Event: 3.524 GC heap after
{Heap after GC invocations=2 (full 0):
 garbage-first heap   total reserved 974848K, committed 61440K, used 14807K [0x00000000c4800000, 0x0000000100000000)
  region size 1024K, 1 young (1024K), 1 survivors (1024K)
 Metaspace       used 7292K, committed 7488K, reserved 1114112K
  class space    used 768K, committed 896K, reserved 1048576K
}
Event: 4.141 GC heap before
{Heap before GC invocations=2 (full 0):
 garbage-first heap   total reserved 974848K, committed 61440K, used 32215K [0x00000000c4800000, 0x0000000100000000)
  region size 1024K, 7 young (7168K), 1 survivors (1024K)
 Metaspace       used 7361K, committed 7552K, reserved 1114112K
  class space    used 771K, committed 896K, reserved 1048576K
}
Event: 4.143 GC heap after
{Heap after GC invocations=3 (full 0):
 garbage-first heap   total reserved 974848K, committed 61440K, used 27551K [0x00000000c4800000, 0x0000000100000000)
  region size 1024K, 1 young (1024K), 1 survivors (1024K)
 Metaspace       used 7361K, committed 7552K, reserved 1114112K
  class space    used 771K, committed 896K, reserved 1048576K
}
Event: 4.165 GC heap before
{Heap before GC invocations=3 (full 0):
 garbage-first heap   total reserved 974848K, committed 61440K, used 28575K [0x00000000c4800000, 0x0000000100000000)
  region size 1024K, 2 young (2048K), 1 survivors (1024K)
 Metaspace       used 7362K, committed 7552K, reserved 1114112K
  class space    used 771K, committed 896K, reserved 1048576K
}
Event: 4.168 GC heap after
{Heap after GC invocations=4 (full 0):
 garbage-first heap   total reserved 974848K, committed 61440K, used 16270K [0x00000000c4800000, 0x0000000100000000)
  region size 1024K, 1 young (1024K), 1 survivors (1024K)
 Metaspace       used 7362K, committed 7552K, reserved 1114112K
  class space    used 771K, committed 896K, reserved 1048576K
}
Event: 4.438 GC heap before
{Heap before GC invocations=4 (full 0):
 garbage-first heap   total reserved 974848K, committed 61440K, used 27534K [0x00000000c4800000, 0x0000000100000000)
  region size 1024K, 2 young (2048K), 1 survivors (1024K)
 Metaspace       used 7435K, committed 7680K, reserved 1114112K
  class space    used 771K, committed 896K, reserved 1048576K
}
Event: 4.440 GC heap after
{Heap after GC invocations=5 (full 0):
 garbage-first heap   total reserved 974848K, committed 61440K, used 26486K [0x00000000c4800000, 0x0000000100000000)
  region size 1024K, 1 young (1024K), 1 survivors (1024K)
 Metaspace       used 7435K, committed 7680K, reserved 1114112K
  class space    used 771K, committed 896K, reserved 1048576K
}
Event: 4.466 GC heap before
{Heap before GC invocations=5 (full 0):
 garbage-first heap   total reserved 974848K, committed 61440K, used 27510K [0x00000000c4800000, 0x0000000100000000)
  region size 1024K, 2 young (2048K), 1 survivors (1024K)
 Metaspace       used 7436K, committed 7680K, reserved 1114112K
  class space    used 771K, committed 896K, reserved 1048576K
}
Event: 4.468 GC heap after
{Heap after GC invocations=6 (full 0):
 garbage-first heap   total reserved 974848K, committed 61440K, used 16257K [0x00000000c4800000, 0x0000000100000000)
  region size 1024K, 1 young (1024K), 1 survivors (1024K)
 Metaspace       used 7436K, committed 7680K, reserved 1114112K
  class space    used 771K, committed 896K, reserved 1048576K
}
Event: 4.588 GC heap before
{Heap before GC invocations=6 (full 0):
 garbage-first heap   total reserved 974848K, committed 61440K, used 26497K [0x00000000c4800000, 0x0000000100000000)
  region size 1024K, 2 young (2048K), 1 survivors (1024K)
 Metaspace       used 7437K, committed 7680K, reserved 1114112K
  class space    used 771K, committed 896K, reserved 1048576K
}
Event: 4.590 GC heap after
{Heap after GC invocations=7 (full 0):
 garbage-first heap   total reserved 974848K, committed 61440K, used 25455K [0x00000000c4800000, 0x0000000100000000)
  region size 1024K, 1 young (1024K), 1 survivors (1024K)
 Metaspace       used 7437K, committed 7680K, reserved 1114112K
  class space    used 771K, committed 896K, reserved 1048576K
}
Event: 4.616 GC heap before
{Heap before GC invocations=7 (full 0):
 garbage-first heap   total reserved 974848K, committed 61440K, used 27503K [0x00000000c4800000, 0x0000000100000000)
  region size 1024K, 2 young (2048K), 1 survivors (1024K)
 Metaspace       used 7437K, committed 7680K, reserved 1114112K
  class space    used 771K, committed 896K, reserved 1048576K
}
Event: 4.617 GC heap after
{Heap after GC invocations=8 (full 0):
 garbage-first heap   total reserved 974848K, committed 61440K, used 18310K [0x00000000c4800000, 0x0000000100000000)
  region size 1024K, 1 young (1024K), 1 survivors (1024K)
 Metaspace       used 7437K, committed 7680K, reserved 1114112K
  class space    used 771K, committed 896K, reserved 1048576K
}
Event: 4.719 GC heap before
{Heap before GC invocations=8 (full 0):
 garbage-first heap   total reserved 974848K, committed 61440K, used 26502K [0x00000000c4800000, 0x0000000100000000)
  region size 1024K, 2 young (2048K), 1 survivors (1024K)
 Metaspace       used 7478K, committed 7680K, reserved 1114112K
  class space    used 771K, committed 896K, reserved 1048576K
}

